<?xml version="1.0" encoding="UTF-8" standalone="no"?><testsuite errors="1" failures="0" name="Reservar vuelo. Como usuario quiero ingresar a la pagina de reserva de vuelos y reservar un vuelo" skipped="0" tests="1" time="2.6" timestamp="2024-05-27 05:35:36"><testcase name="reservar un vuelo en la pagina de reserva de vuelos"><error message="no such element: Unable to locate element: {&quot;method&quot;:&quot;xpath&quot;,&quot;selector&quot;:&quot;//*[@id='layoutContainers']/div/div[2]/div/div[2]/section/div[2]/section[1]/div[1]/p&quot;}&#10;  (Session info: chrome=125.0.6422.113)&#10;For documentation on this error, please visit: https://www.selenium.dev/documentation/webdriver/troubleshooting/errors#no-such-element-exception&#10;Build info: version: '4.16.1', revision: '9b4c83354e'&#10;System info: os.name: 'Windows 11', os.arch: 'amd64', os.version: '10.0', java.version: '11.0.15'&#10;Driver info: org.openqa.selenium.chrome.ChromeDriver&#10;Command: [4a81318997d5cd6793e376184d6d3048, findElement {using=xpath, value=//*[@id='layoutContainers']/div/div[2]/div/div[2]/section/div[2]/section[1]/div[1]/p}]&#10;Capabilities {acceptInsecureCerts: false, browserName: chrome, browserVersion: 125.0.6422.113, chrome: {chromedriverVersion: 125.0.6422.78 (14db42ec38ad..., userDataDir: C:\Users\lk-da\AppData\Loca...}, fedcm:accounts: true, goog:chromeOptions: {debuggerAddress: localhost:58492}, networkConnectionEnabled: false, pageLoadStrategy: normal, platformName: windows, proxy: Proxy(), se:cdp: ws://localhost:58492/devtoo..., se:cdpVersion: 125.0.6422.113, setWindowRect: true, strictFileInteractability: false, timeouts: {implicit: 0, pageLoad: 300000, script: 30000}, unhandledPromptBehavior: dismiss and notify, webauthn:extension:credBlob: true, webauthn:extension:largeBlob: true, webauthn:extension:minPinLength: true, webauthn:extension:prf: true, webauthn:virtualAuthenticators: true}&#10;Session ID: 4a81318997d5cd6793e376184d6d3048" type="org.openqa.selenium.NoSuchElementException">no such element: Unable to locate element: {"method":"xpath","selector":"//*[@id='layoutContainers']/div/div[2]/div/div[2]/section/div[2]/section[1]/div[1]/p"}
  (Session info: chrome=125.0.6422.113)
For documentation on this error, please visit: https://www.selenium.dev/documentation/webdriver/troubleshooting/errors#no-such-element-exception
Build info: version: '4.16.1', revision: '9b4c83354e'
System info: os.name: 'Windows 11', os.arch: 'amd64', os.version: '10.0', java.version: '11.0.15'
Driver info: org.openqa.selenium.chrome.ChromeDriver
Command: [4a81318997d5cd6793e376184d6d3048, findElement {using=xpath, value=//*[@id='layoutContainers']/div/div[2]/div/div[2]/section/div[2]/section[1]/div[1]/p}]
Capabilities {acceptInsecureCerts: false, browserName: chrome, browserVersion: 125.0.6422.113, chrome: {chromedriverVersion: 125.0.6422.78 (14db42ec38ad..., userDataDir: C:\Users\lk-da\AppData\Loca...}, fedcm:accounts: true, goog:chromeOptions: {debuggerAddress: localhost:58492}, networkConnectionEnabled: false, pageLoadStrategy: normal, platformName: windows, proxy: Proxy(), se:cdp: ws://localhost:58492/devtoo..., se:cdpVersion: 125.0.6422.113, setWindowRect: true, strictFileInteractability: false, timeouts: {implicit: 0, pageLoad: 300000, script: 30000}, unhandledPromptBehavior: dismiss and notify, webauthn:extension:credBlob: true, webauthn:extension:largeBlob: true, webauthn:extension:minPinLength: true, webauthn:extension:prf: true, webauthn:virtualAuthenticators: true}
Session ID: 4a81318997d5cd6793e376184d6d3048</error><system-err>no such element: Unable to locate element: {"method":"xpath","selector":"//*[@id='layoutContainers']/div/div[2]/div/div[2]/section/div[2]/section[1]/div[1]/p"}
  (Session info: chrome=125.0.6422.113)
For documentation on this error, please visit: https://www.selenium.dev/documentation/webdriver/troubleshooting/errors#no-such-element-exception
Build info: version: '4.16.1', revision: '9b4c83354e'
System info: os.name: 'Windows 11', os.arch: 'amd64', os.version: '10.0', java.version: '11.0.15'
Driver info: org.openqa.selenium.chrome.ChromeDriver
Command: [4a81318997d5cd6793e376184d6d3048, findElement {using=xpath, value=//*[@id='layoutContainers']/div/div[2]/div/div[2]/section/div[2]/section[1]/div[1]/p}]
Capabilities {acceptInsecureCerts: false, browserName: chrome, browserVersion: 125.0.6422.113, chrome: {chromedriverVersion: 125.0.6422.78 (14db42ec38ad..., userDataDir: C:\Users\lk-da\AppData\Loca...}, fedcm:accounts: true, goog:chromeOptions: {debuggerAddress: localhost:58492}, networkConnectionEnabled: false, pageLoadStrategy: normal, platformName: windows, proxy: Proxy(), se:cdp: ws://localhost:58492/devtoo..., se:cdpVersion: 125.0.6422.113, setWindowRect: true, strictFileInteractability: false, timeouts: {implicit: 0, pageLoad: 300000, script: 30000}, unhandledPromptBehavior: dismiss and notify, webauthn:extension:credBlob: true, webauthn:extension:largeBlob: true, webauthn:extension:minPinLength: true, webauthn:extension:prf: true, webauthn:virtualAuthenticators: true}
Session ID: 4a81318997d5cd6793e376184d6d3048&#13;
questions.co.com.udea.automationreservationsb.ValidationHomePage.answeredBy(ValidationHomePage.java:14)&#13;
questions.co.com.udea.automationreservationsb.ValidationHomePage.answeredBy(ValidationHomePage.java:9)&#13;
stepdefinitions.co.com.udea.automationreservationsb.ReservationStepDefinition.laReservaEsExitosa(ReservationStepDefinition.java:56)&#13;
worker.org.gradle.process.internal.worker.GradleWorkerMain.run(GradleWorkerMain.java:69)&#13;
worker.org.gradle.process.internal.worker.GradleWorkerMain.main(GradleWorkerMain.java:74)&#13;
</system-err></testcase></testsuite>